Listening 8080...
accf83031715441a590db4010ef1bd22
28
accf83031715441a590db4010ef1bd22
28
accf83031715441a590db4010ef1bd22
28
accf83031715441a590db4010ef1bd22
28
accf83031715441a590db4010ef1bd22
28
accf83031715441a590db4010ef1bd22
28
accf83031715441a590db4010ef1bd22
28
accf83031715441a590db4010ef1bd22
28
accf83031715441a590db4010ef1bd22
28
accf83031715441a590db4010ef1bd22
28
accf83031715441a590db4010ef1bd22
28
accf83031715441a590db4010ef1bd22
28
accf83031715441a590db4010ef1bd22
28
accf83031715441a590db4010ef1bd22
28
accf83031715441a590db4010ef1bd22
28
accf83031715441a590db4010ef1bd22
28
accf83031715441a590db4010ef1bd22
28
accf83031715441a590db4010ef1bd22
28
accf83031715441a590db4010ef1bd22
28
accf83031715441a590db4010ef1bd22
28
accf83031715441a590db4010ef1bd22
28
accf83031715441a590db4010ef1bd22
28
accf83031715441a590db4010ef1bd22
28
accf83031715441a590db4010ef1bd22
28
accf83031715441a590db4010ef1bd22
28
accf83031715441a590db4010ef1bd22
28
accf83031715441a590db4010ef1bd22
28
accf83031715441a590db4010ef1bd22
28
accf83031715441a590db4010ef1bd22
28
accf83031715441a590db4010ef1bd22
28
accf83031715441a590db4010ef1bd22
28
accf83031715441a590db4010ef1bd22
28
accf83031715441a590db4010ef1bd22
28
accf83031715441a590db4010ef1bd22
28
accf83031715441a590db4010ef1bd22
28
accf83031715441a590db4010ef1bd22
28
accf83031715441a590db4010ef1bd22
28
accf83031715441a590db4010ef1bd22
28
accf83031715441a590db4010ef1bd22
28
accf83031715441a590db4010ef1bd22
28
accf83031715441a590db4010ef1bd22
accf83031715441a590db4010ef1bd22
28
Listening 8080...
Listening 8080...
Listening 8080...
Listening 8080...
Listening 8080...
Listening 8080...
28
28
28
28
28


28


28
28
28
28
28
28
28
28
28
28
28
28
28
28
28
28
28
28
28
28
28
28
29
29

29





29
29
29
29
22
